<?xml version="1.0" encoding="UTF-8"?>
<!-- Generated by org.testng.reporters.JUnitReportReporter -->
<testsuite hostname="QT-INNO-LT1439" failures="0" tests="5" name="test_Pages.TestNG" time="29.454" errors="0" timestamp="2022-02-18T17:23:35 IST" skipped="0">
  <testcase classname="test_Pages.TestNG" name="welcomeBoard" time="1.482"/>
  <system-out/>
  <testcase classname="test_Pages.TestNG" name="selectFlight" time="2.215"/>
  <system-out/>
  <testcase classname="test_Pages.TestNG" name="passengerDetails" time="5.941"/>
  <system-out/>
  <testcase classname="test_Pages.TestNG" name="selectSeatAndMeal" time="19.725"/>
  <system-out/>
  <testcase classname="test_Pages.TestNG" name="payment" time="0.091"/>
  <system-out/>
</testsuite> <!-- test_Pages.TestNG -->
